2025-10-17 00:12:13, EXEC, v:1, k:poo@relogio, mode:FREE, size:18
2025-10-17 02:00:45, EXEC, v:1, k:poo@relogio, mode:FULL, rate:76, size:66
2025-10-17 02:01:13, EXEC, v:1, k:poo@relogio, mode:FULL, rate:15, size:66
2025-10-17 02:01:34, EXEC, v:1, k:poo@relogio, mode:FULL, rate:0, size:66
2025-10-17 02:02:13, EXEC, v:1, k:poo@relogio, mode:FULL, rate:0
2025-10-17 02:02:14, EXEC, v:1, k:poo@relogio, mode:FULL, rate:0
2025-10-17 02:02:33, EXEC, v:1, k:poo@relogio, mode:FREE
2025-10-17 02:04:59, EXEC, v:1, k:poo@relogio, mode:FULL, rate:84, size:70
2025-10-17 02:06:40, EXEC, v:1, k:poo@relogio, mode:FULL, rate:53, size:71
2025-10-17 02:07:24, MOVE, v:1, k:poo@relogio, mode:PICK
2025-10-17 02:07:27, EXEC, v:1, k:poo@relogio, mode:FULL, rate:84, size:71
2025-10-17 02:15:51, EXEC, v:1, k:poo@relogio, mode:FULL, rate:100, size:96
2025-10-17 02:16:54, MOVE, v:1, k:poo@relogio, mode:BACK
2025-10-17 02:19:01, MOVE, v:1, k:poo@relogio, mode:PICK
2025-10-17 02:19:03, EXEC, v:1, k:poo@relogio, mode:FULL, rate:100, size:92
2025-10-17 02:19:23, MOVE, v:1, k:poo@relogio, mode:BACK
2025-10-17 02:23:17, SELF, v:1, k:poo@roupa, rate:100, guide:aula, alone:10, study:5
2025-10-17 02:24:11, SELF, v:1, k:poo@relogio, rate:100, iagen:gpt, guide:video, alone:7, study:25
2025-10-17 02:24:23, SELF, v:1, k:poo@relogio, rate:100, iagen:gpt, guide:video, alone:7, study:25
2025-10-17 02:25:01, SELF, v:1, k:poo@camisa, rate:100, alone:10, study:5
2025-10-17 02:25:25, SELF, v:1, k:poo@chinela, rate:100, alone:10, study:5
