2025-10-21 13:21:08, MOVE, v:1, k:poo@notebook, mode:PICK
2025-10-21 13:23:00, EXEC, v:1, k:poo@notebook, mode:FREE, size:81
2025-10-21 13:23:34, EXEC, v:1, k:poo@notebook, mode:FREE, size:81
2025-10-21 13:31:52, MOVE, v:1, k:poo@notebook, mode:BACK
2025-10-21 13:35:03, MOVE, v:1, k:poo@motoca, mode:DOWN
2025-10-21 13:35:07, MOVE, v:1, k:poo@motoca, mode:PICK
2025-10-21 13:35:26, MOVE, v:1, k:poo@motoca, mode:BACK
2025-10-21 20:29:51, MOVE, v:1, k:poo@motoca, mode:PICK
2025-10-21 20:29:54, EXEC, v:1, k:poo@motoca, mode:FREE, size:24
2025-10-21 21:26:59, MOVE, v:1, k:poo@motoca, mode:BACK
2025-10-21 21:28:01, MOVE, v:1, k:poo@motoca, mode:PICK
2025-10-21 21:31:23, EXEC, v:1, k:poo@motoca, mode:FREE, size:67
2025-10-21 22:22:43, EXEC, v:1, k:poo@motoca, mode:FULL, rate:13, size:110
2025-10-21 22:22:57, EXEC, v:1, k:poo@motoca, mode:FULL, rate:33, size:110
2025-10-21 22:23:30, EXEC, v:1, k:poo@motoca, mode:FULL, rate:66, size:110
2025-10-21 22:23:59, EXEC, v:1, k:poo@motoca, mode:FULL, rate:86, size:110
2025-10-21 22:24:36, EXEC, v:1, k:poo@motoca, mode:FULL, rate:86, size:110
2025-10-21 22:25:45, EXEC, v:1, k:poo@motoca, mode:FULL, rate:93, size:110
2025-10-21 22:26:08, EXEC, v:1, k:poo@motoca, mode:FULL, rate:100, size:110
2025-10-21 22:26:12, MOVE, v:1, k:poo@motoca, mode:BACK
2025-10-21 22:27:37, SELF, v:1, k:poo@motoca, rate:100, iagen:gpt, guide:video, alone:10, study:120
2025-10-21 22:27:51, SELF, v:1, k:poo@relogio, rate:100, iagen:gpt, guide:video, alone:10, study:120
2025-10-21 22:30:57, MOVE, v:1, k:poo@grafite, mode:DOWN
2025-10-21 22:31:02, MOVE, v:1, k:poo@grafite, mode:PICK
2025-10-21 22:48:33, EXEC, v:1, k:poo@grafite, mode:FREE, size:22
